1_6bJS.json
Exercise 1.6.b DFA accepts strings that contain at least three 1s.
States: q1, q2, q3, q4
Alphabet: 0, 1
StartState: q1
FinalState: q4

INPUT: 11101010
--Current State: q1 Symbol: 1 --> New State: q2
--Current State: q2 Symbol: 1 --> New State: q3
--Current State: q3 Symbol: 1 --> New State: q4
--Current State: q4 Symbol: 0 --> New State: q4
--Current State: q4 Symbol: 1 --> New State: q4
--Current State: q4 Symbol: 0 --> New State: q4
--Current State: q4 Symbol: 1 --> New State: q4
--Current State: q4 Symbol: 0 --> New State: q4
11101010  -->  ACCEPT

INPUT: 1111111
--Current State: q1 Symbol: 1 --> New State: q2
--Current State: q2 Symbol: 1 --> New State: q3
--Current State: q3 Symbol: 1 --> New State: q4
--Current State: q4 Symbol: 1 --> New State: q4
--Current State: q4 Symbol: 1 --> New State: q4
--Current State: q4 Symbol: 1 --> New State: q4
--Current State: q4 Symbol: 1 --> New State: q4
1111111  -->  ACCEPT

INPUT: 0011001
--Current State: q1 Symbol: 0 --> New State: q1
--Current State: q1 Symbol: 0 --> New State: q1
--Current State: q1 Symbol: 1 --> New State: q2
--Current State: q2 Symbol: 1 --> New State: q3
--Current State: q3 Symbol: 0 --> New State: q3
--Current State: q3 Symbol: 0 --> New State: q3
--Current State: q3 Symbol: 1 --> New State: q4
0011001  -->  ACCEPT

INPUT: 00000000
--Current State: q1 Symbol: 0 --> New State: q1
--Current State: q1 Symbol: 0 --> New State: q1
--Current State: q1 Symbol: 0 --> New State: q1
--Current State: q1 Symbol: 0 --> New State: q1
--Current State: q1 Symbol: 0 --> New State: q1
--Current State: q1 Symbol: 0 --> New State: q1
--Current State: q1 Symbol: 0 --> New State: q1
--Current State: q1 Symbol: 0 --> New State: q1
00000000  -->  NOT ACCEPT

INPUT: 0100010
--Current State: q1 Symbol: 0 --> New State: q1
--Current State: q1 Symbol: 1 --> New State: q2
--Current State: q2 Symbol: 0 --> New State: q2
--Current State: q2 Symbol: 0 --> New State: q2
--Current State: q2 Symbol: 0 --> New State: q2
--Current State: q2 Symbol: 1 --> New State: q3
--Current State: q3 Symbol: 0 --> New State: q3
0100010  -->  NOT ACCEPT

INPUT: 1
--Current State: q1 Symbol: 1 --> New State: q2
1  -->  NOT ACCEPT

