This is pdfTeX, Version 3.14159265-2.6-1.40.19 (MiKTeX 2.9.6800 64-bit) (preloaded format=pdflatex 2018.9.22)  28 OCT 2018 02:07
entering extended mode
**./dngo_hw3.tex
(dngo_hw3.tex
LaTeX2e <2018-04-01> patch level 5
(C:\Users\DangNhi_Ngo\AppData\Local\Programs\MiKTeX\tex\latex\base\letter.cls
Document Class: letter 2014/09/29 v1.2z Standard LaTeX document class
(C:\Users\DangNhi_Ngo\AppData\Local\Programs\MiKTeX\tex\latex\base\size12.clo
File: size12.clo 2014/09/29 v1.4h Standard LaTeX file (size option)
)
\longindentation=\dimen102
\indentedwidth=\dimen103
\labelcount=\count80
)
(C:\Users\DangNhi_Ngo\AppData\Local\Programs\MiKTeX\tex\latex\geometry\geometry
.sty
Package: geometry 2018/04/16 v5.8 Page Geometry

(C:\Users\DangNhi_Ngo\AppData\Local\Programs\MiKTeX\tex\latex\graphics\keyval.s
ty
Package: keyval 2014/10/28 v1.15 key=value parser (DPC)
\KV@toks@=\toks14
)
(C:\Users\DangNhi_Ngo\AppData\Local\Programs\MiKTeX\tex\generic\oberdiek\ifpdf.
sty
Package: ifpdf 2017/03/15 v3.2 Provides the ifpdf switch
)
(C:\Users\DangNhi_Ngo\AppData\Local\Programs\MiKTeX\tex\generic\oberdiek\ifvtex
.sty
Package: ifvtex 2016/05/16 v1.6 Detect VTeX and its facilities (HO)
Package ifvtex Info: VTeX not detected.
)
(C:\Users\DangNhi_Ngo\AppData\Local\Programs\MiKTeX\tex\generic\ifxetex\ifxetex
.sty
Package: ifxetex 2010/09/12 v0.6 Provides ifxetex conditional
)
\Gm@cnth=\count81
\Gm@cntv=\count82
\c@Gm@tempcnt=\count83
\Gm@bindingoffset=\dimen104
\Gm@wd@mp=\dimen105
\Gm@odd@mp=\dimen106
\Gm@even@mp=\dimen107
\Gm@layoutwidth=\dimen108
\Gm@layoutheight=\dimen109
\Gm@layouthoffset=\dimen110
\Gm@layoutvoffset=\dimen111
\Gm@dimlist=\toks15

(C:\Users\DangNhi_Ngo\AppData\Local\Programs\MiKTeX\tex\latex\geometry\geometry
.cfg))
(C:\Users\DangNhi_Ngo\AppData\Local\Programs\MiKTeX\tex\latex\amsfonts\amsfonts
.sty
Package: amsfonts 2013/01/14 v3.01 Basic AMSFonts support
\@emptytoks=\toks16
\symAMSa=\mathgroup4
\symAMSb=\mathgroup5
LaTeX Font Info:    Overwriting math alphabet `\mathfrak' in version `bold'
(Font)                  U/euf/m/n --> U/euf/b/n on input line 106.
)
(C:\Users\DangNhi_Ngo\AppData\Local\Programs\MiKTeX\tex\latex\amscls\amsthm.sty
Package: amsthm 2017/10/31 v2.20.4
\thm@style=\toks17
\thm@bodyfont=\toks18
\thm@headfont=\toks19
\thm@notefont=\toks20
\thm@headpunct=\toks21
\thm@preskip=\skip41
\thm@postskip=\skip42
\thm@headsep=\skip43
\dth@everypar=\toks22
)
(C:\Users\DangNhi_Ngo\AppData\Local\Programs\MiKTeX\tex\latex\pgf\basiclayer\pg
f.sty
(C:\Users\DangNhi_Ngo\AppData\Local\Programs\MiKTeX\tex\latex\pgf\utilities\pgf
rcs.sty
(C:\Users\DangNhi_Ngo\AppData\Local\Programs\MiKTeX\tex\generic\pgf\utilities\p
gfutil-common.tex
\pgfutil@everybye=\toks23
\pgfutil@tempdima=\dimen112
\pgfutil@tempdimb=\dimen113

(C:\Users\DangNhi_Ngo\AppData\Local\Programs\MiKTeX\tex\generic\pgf\utilities\p
gfutil-common-lists.tex))
(C:\Users\DangNhi_Ngo\AppData\Local\Programs\MiKTeX\tex\generic\pgf\utilities\p
gfutil-latex.def
\pgfutil@abb=\box26

(C:\Users\DangNhi_Ngo\AppData\Local\Programs\MiKTeX\tex\latex\ms\everyshi.sty
Package: everyshi 2001/05/15 v3.00 EveryShipout Package (MS)
))
(C:\Users\DangNhi_Ngo\AppData\Local\Programs\MiKTeX\tex\generic\pgf\utilities\p
gfrcs.code.tex
Package: pgfrcs 2015/08/07 v3.0.1a (rcs-revision 1.31)
))
Package: pgf 2015/08/07 v3.0.1a (rcs-revision 1.15)

(C:\Users\DangNhi_Ngo\AppData\Local\Programs\MiKTeX\tex\latex\pgf\basiclayer\pg
fcore.sty
(C:\Users\DangNhi_Ngo\AppData\Local\Programs\MiKTeX\tex\latex\graphics\graphicx
.sty
Package: graphicx 2017/06/01 v1.1a Enhanced LaTeX Graphics (DPC,SPQR)

(C:\Users\DangNhi_Ngo\AppData\Local\Programs\MiKTeX\tex\latex\graphics\graphics
.sty
Package: graphics 2017/06/25 v1.2c Standard LaTeX Graphics (DPC,SPQR)

(C:\Users\DangNhi_Ngo\AppData\Local\Programs\MiKTeX\tex\latex\graphics\trig.sty
Package: trig 2016/01/03 v1.10 sin cos tan (DPC)
)
(C:\Users\DangNhi_Ngo\AppData\Local\Programs\MiKTeX\tex\latex\graphics-cfg\grap
hics.cfg
File: graphics.cfg 2016/06/04 v1.11 sample graphics configuration
)
Package graphics Info: Driver file: pdftex.def on input line 99.

(C:\Users\DangNhi_Ngo\AppData\Local\Programs\MiKTeX\tex\latex\graphics-def\pdft
ex.def
File: pdftex.def 2018/01/08 v1.0l Graphics/color driver for pdftex
))
\Gin@req@height=\dimen114
\Gin@req@width=\dimen115
)
(C:\Users\DangNhi_Ngo\AppData\Local\Programs\MiKTeX\tex\latex\pgf\systemlayer\p
gfsys.sty
(C:\Users\DangNhi_Ngo\AppData\Local\Programs\MiKTeX\tex\generic\pgf\systemlayer
\pgfsys.code.tex
Package: pgfsys 2014/07/09 v3.0.1a (rcs-revision 1.48)

(C:\Users\DangNhi_Ngo\AppData\Local\Programs\MiKTeX\tex\generic\pgf\utilities\p
gfkeys.code.tex
\pgfkeys@pathtoks=\toks24
\pgfkeys@temptoks=\toks25

(C:\Users\DangNhi_Ngo\AppData\Local\Programs\MiKTeX\tex\generic\pgf\utilities\p
gfkeysfiltered.code.tex
\pgfkeys@tmptoks=\toks26
))
\pgf@x=\dimen116
\pgf@y=\dimen117
\pgf@xa=\dimen118
\pgf@ya=\dimen119
\pgf@xb=\dimen120
\pgf@yb=\dimen121
\pgf@xc=\dimen122
\pgf@yc=\dimen123
\w@pgf@writea=\write3
\r@pgf@reada=\read1
\c@pgf@counta=\count84
\c@pgf@countb=\count85
\c@pgf@countc=\count86
\c@pgf@countd=\count87
\t@pgf@toka=\toks27
\t@pgf@tokb=\toks28
\t@pgf@tokc=\toks29

(C:\Users\DangNhi_Ngo\AppData\Local\Programs\MiKTeX\tex\generic\pgf\systemlayer
\pgf.cfg
File: pgf.cfg 2008/05/14  (rcs-revision 1.7)
)
Driver file for pgf: pgfsys-pdftex.def

(C:\Users\DangNhi_Ngo\AppData\Local\Programs\MiKTeX\tex\generic\pgf\systemlayer
\pgfsys-pdftex.def
File: pgfsys-pdftex.def 2014/10/11  (rcs-revision 1.35)

(C:\Users\DangNhi_Ngo\AppData\Local\Programs\MiKTeX\tex\generic\pgf\systemlayer
\pgfsys-common-pdf.def
File: pgfsys-common-pdf.def 2013/10/10  (rcs-revision 1.13)
)))
(C:\Users\DangNhi_Ngo\AppData\Local\Programs\MiKTeX\tex\generic\pgf\systemlayer
\pgfsyssoftpath.code.tex
File: pgfsyssoftpath.code.tex 2013/09/09  (rcs-revision 1.9)
\pgfsyssoftpath@smallbuffer@items=\count88
\pgfsyssoftpath@bigbuffer@items=\count89
)
(C:\Users\DangNhi_Ngo\AppData\Local\Programs\MiKTeX\tex\generic\pgf\systemlayer
\pgfsysprotocol.code.tex
File: pgfsysprotocol.code.tex 2006/10/16  (rcs-revision 1.4)
))
(C:\Users\DangNhi_Ngo\AppData\Local\Programs\MiKTeX\tex\latex\xcolor\xcolor.sty
Package: xcolor 2016/05/11 v2.12 LaTeX color extensions (UK)

(C:\Users\DangNhi_Ngo\AppData\Local\Programs\MiKTeX\tex\latex\graphics-cfg\colo
r.cfg
File: color.cfg 2016/01/02 v1.6 sample color configuration
)
Package xcolor Info: Driver file: pdftex.def on input line 225.
Package xcolor Info: Model `cmy' substituted by `cmy0' on input line 1348.
Package xcolor Info: Model `hsb' substituted by `rgb' on input line 1352.
Package xcolor Info: Model `RGB' extended on input line 1364.
Package xcolor Info: Model `HTML' substituted by `rgb' on input line 1366.
Package xcolor Info: Model `Hsb' substituted by `hsb' on input line 1367.
Package xcolor Info: Model `tHsb' substituted by `hsb' on input line 1368.
Package xcolor Info: Model `HSB' substituted by `hsb' on input line 1369.
Package xcolor Info: Model `Gray' substituted by `gray' on input line 1370.
Package xcolor Info: Model `wave' substituted by `hsb' on input line 1371.
)
(C:\Users\DangNhi_Ngo\AppData\Local\Programs\MiKTeX\tex\generic\pgf\basiclayer\
pgfcore.code.tex
Package: pgfcore 2010/04/11 v3.0.1a (rcs-revision 1.7)

(C:\Users\DangNhi_Ngo\AppData\Local\Programs\MiKTeX\tex\generic\pgf\math\pgfmat
h.code.tex
(C:\Users\DangNhi_Ngo\AppData\Local\Programs\MiKTeX\tex\generic\pgf\math\pgfmat
hcalc.code.tex
(C:\Users\DangNhi_Ngo\AppData\Local\Programs\MiKTeX\tex\generic\pgf\math\pgfmat
hutil.code.tex)
(C:\Users\DangNhi_Ngo\AppData\Local\Programs\MiKTeX\tex\generic\pgf\math\pgfmat
hparser.code.tex
\pgfmath@dimen=\dimen124
\pgfmath@count=\count90
\pgfmath@box=\box27
\pgfmath@toks=\toks30
\pgfmath@stack@operand=\toks31
\pgfmath@stack@operation=\toks32
)
(C:\Users\DangNhi_Ngo\AppData\Local\Programs\MiKTeX\tex\generic\pgf\math\pgfmat
hfunctions.code.tex
(C:\Users\DangNhi_Ngo\AppData\Local\Programs\MiKTeX\tex\generic\pgf\math\pgfmat
hfunctions.basic.code.tex)
(C:\Users\DangNhi_Ngo\AppData\Local\Programs\MiKTeX\tex\generic\pgf\math\pgfmat
hfunctions.trigonometric.code.tex)
(C:\Users\DangNhi_Ngo\AppData\Local\Programs\MiKTeX\tex\generic\pgf\math\pgfmat
hfunctions.random.code.tex)
(C:\Users\DangNhi_Ngo\AppData\Local\Programs\MiKTeX\tex\generic\pgf\math\pgfmat
hfunctions.comparison.code.tex)
(C:\Users\DangNhi_Ngo\AppData\Local\Programs\MiKTeX\tex\generic\pgf\math\pgfmat
hfunctions.base.code.tex)
(C:\Users\DangNhi_Ngo\AppData\Local\Programs\MiKTeX\tex\generic\pgf\math\pgfmat
hfunctions.round.code.tex)
(C:\Users\DangNhi_Ngo\AppData\Local\Programs\MiKTeX\tex\generic\pgf\math\pgfmat
hfunctions.misc.code.tex)
(C:\Users\DangNhi_Ngo\AppData\Local\Programs\MiKTeX\tex\generic\pgf\math\pgfmat
hfunctions.integerarithmetics.code.tex)))
(C:\Users\DangNhi_Ngo\AppData\Local\Programs\MiKTeX\tex\generic\pgf\math\pgfmat
hfloat.code.tex
\c@pgfmathroundto@lastzeros=\count91
))
(C:\Users\DangNhi_Ngo\AppData\Local\Programs\MiKTeX\tex\generic\pgf\basiclayer\
pgfcorepoints.code.tex
File: pgfcorepoints.code.tex 2013/10/07  (rcs-revision 1.27)
\pgf@picminx=\dimen125
\pgf@picmaxx=\dimen126
\pgf@picminy=\dimen127
\pgf@picmaxy=\dimen128
\pgf@pathminx=\dimen129
\pgf@pathmaxx=\dimen130
\pgf@pathminy=\dimen131
\pgf@pathmaxy=\dimen132
\pgf@xx=\dimen133
\pgf@xy=\dimen134
\pgf@yx=\dimen135
\pgf@yy=\dimen136
\pgf@zx=\dimen137
\pgf@zy=\dimen138
)
(C:\Users\DangNhi_Ngo\AppData\Local\Programs\MiKTeX\tex\generic\pgf\basiclayer\
pgfcorepathconstruct.code.tex
File: pgfcorepathconstruct.code.tex 2013/10/07  (rcs-revision 1.29)
\pgf@path@lastx=\dimen139
\pgf@path@lasty=\dimen140
)
(C:\Users\DangNhi_Ngo\AppData\Local\Programs\MiKTeX\tex\generic\pgf\basiclayer\
pgfcorepathusage.code.tex
File: pgfcorepathusage.code.tex 2014/11/02  (rcs-revision 1.24)
\pgf@shorten@end@additional=\dimen141
\pgf@shorten@start@additional=\dimen142
)
(C:\Users\DangNhi_Ngo\AppData\Local\Programs\MiKTeX\tex\generic\pgf\basiclayer\
pgfcorescopes.code.tex
File: pgfcorescopes.code.tex 2015/05/08  (rcs-revision 1.46)
\pgfpic=\box28
\pgf@hbox=\box29
\pgf@layerbox@main=\box30
\pgf@picture@serial@count=\count92
)
(C:\Users\DangNhi_Ngo\AppData\Local\Programs\MiKTeX\tex\generic\pgf\basiclayer\
pgfcoregraphicstate.code.tex
File: pgfcoregraphicstate.code.tex 2014/11/02  (rcs-revision 1.12)
\pgflinewidth=\dimen143
)
(C:\Users\DangNhi_Ngo\AppData\Local\Programs\MiKTeX\tex\generic\pgf\basiclayer\
pgfcoretransformations.code.tex
File: pgfcoretransformations.code.tex 2015/08/07  (rcs-revision 1.20)
\pgf@pt@x=\dimen144
\pgf@pt@y=\dimen145
\pgf@pt@temp=\dimen146
)
(C:\Users\DangNhi_Ngo\AppData\Local\Programs\MiKTeX\tex\generic\pgf\basiclayer\
pgfcorequick.code.tex
File: pgfcorequick.code.tex 2008/10/09  (rcs-revision 1.3)
)
(C:\Users\DangNhi_Ngo\AppData\Local\Programs\MiKTeX\tex\generic\pgf\basiclayer\
pgfcoreobjects.code.tex
File: pgfcoreobjects.code.tex 2006/10/11  (rcs-revision 1.2)
)
(C:\Users\DangNhi_Ngo\AppData\Local\Programs\MiKTeX\tex\generic\pgf\basiclayer\
pgfcorepathprocessing.code.tex
File: pgfcorepathprocessing.code.tex 2013/09/09  (rcs-revision 1.9)
)
(C:\Users\DangNhi_Ngo\AppData\Local\Programs\MiKTeX\tex\generic\pgf\basiclayer\
pgfcorearrows.code.tex
File: pgfcorearrows.code.tex 2015/05/14  (rcs-revision 1.43)
\pgfarrowsep=\dimen147
)
(C:\Users\DangNhi_Ngo\AppData\Local\Programs\MiKTeX\tex\generic\pgf\basiclayer\
pgfcoreshade.code.tex
File: pgfcoreshade.code.tex 2013/07/15  (rcs-revision 1.15)
\pgf@max=\dimen148
\pgf@sys@shading@range@num=\count93
)
(C:\Users\DangNhi_Ngo\AppData\Local\Programs\MiKTeX\tex\generic\pgf\basiclayer\
pgfcoreimage.code.tex
File: pgfcoreimage.code.tex 2013/07/15  (rcs-revision 1.18)

(C:\Users\DangNhi_Ngo\AppData\Local\Programs\MiKTeX\tex\generic\pgf\basiclayer\
pgfcoreexternal.code.tex
File: pgfcoreexternal.code.tex 2014/07/09  (rcs-revision 1.21)
\pgfexternal@startupbox=\box31
))
(C:\Users\DangNhi_Ngo\AppData\Local\Programs\MiKTeX\tex\generic\pgf\basiclayer\
pgfcorelayers.code.tex
File: pgfcorelayers.code.tex 2013/07/18  (rcs-revision 1.7)
)
(C:\Users\DangNhi_Ngo\AppData\Local\Programs\MiKTeX\tex\generic\pgf\basiclayer\
pgfcoretransparency.code.tex
File: pgfcoretransparency.code.tex 2013/09/30  (rcs-revision 1.5)
)
(C:\Users\DangNhi_Ngo\AppData\Local\Programs\MiKTeX\tex\generic\pgf\basiclayer\
pgfcorepatterns.code.tex
File: pgfcorepatterns.code.tex 2013/11/07  (rcs-revision 1.5)
)))
(C:\Users\DangNhi_Ngo\AppData\Local\Programs\MiKTeX\tex\generic\pgf\modules\pgf
moduleshapes.code.tex
File: pgfmoduleshapes.code.tex 2014/03/21  (rcs-revision 1.35)
\pgfnodeparttextbox=\box32
)
(C:\Users\DangNhi_Ngo\AppData\Local\Programs\MiKTeX\tex\generic\pgf\modules\pgf
moduleplot.code.tex
File: pgfmoduleplot.code.tex 2015/08/03  (rcs-revision 1.13)
)
(C:\Users\DangNhi_Ngo\AppData\Local\Programs\MiKTeX\tex\latex\pgf\compatibility
\pgfcomp-version-0-65.sty
Package: pgfcomp-version-0-65 2007/07/03 v3.0.1a (rcs-revision 1.7)
\pgf@nodesepstart=\dimen149
\pgf@nodesepend=\dimen150
)
(C:\Users\DangNhi_Ngo\AppData\Local\Programs\MiKTeX\tex\latex\pgf\compatibility
\pgfcomp-version-1-18.sty
Package: pgfcomp-version-1-18 2007/07/23 v3.0.1a (rcs-revision 1.1)
))
(C:\Users\DangNhi_Ngo\AppData\Local\Programs\MiKTeX\tex\latex\pgf\frontendlayer
\tikz.sty
(C:\Users\DangNhi_Ngo\AppData\Local\Programs\MiKTeX\tex\latex\pgf\utilities\pgf
for.sty
(C:\Users\DangNhi_Ngo\AppData\Local\Programs\MiKTeX\tex\latex\pgf\utilities\pgf
keys.sty
(C:\Users\DangNhi_Ngo\AppData\Local\Programs\MiKTeX\tex\generic\pgf\utilities\p
gfkeys.code.tex))
(C:\Users\DangNhi_Ngo\AppData\Local\Programs\MiKTeX\tex\latex\pgf\math\pgfmath.
sty
(C:\Users\DangNhi_Ngo\AppData\Local\Programs\MiKTeX\tex\generic\pgf\math\pgfmat
h.code.tex))
(C:\Users\DangNhi_Ngo\AppData\Local\Programs\MiKTeX\tex\generic\pgf\utilities\p
gffor.code.tex
Package: pgffor 2013/12/13 v3.0.1a (rcs-revision 1.25)

(C:\Users\DangNhi_Ngo\AppData\Local\Programs\MiKTeX\tex\generic\pgf\math\pgfmat
h.code.tex)
\pgffor@iter=\dimen151
\pgffor@skip=\dimen152
\pgffor@stack=\toks33
\pgffor@toks=\toks34
))
(C:\Users\DangNhi_Ngo\AppData\Local\Programs\MiKTeX\tex\generic\pgf\frontendlay
er\tikz\tikz.code.tex
Package: tikz 2015/08/07 v3.0.1a (rcs-revision 1.151)

(C:\Users\DangNhi_Ngo\AppData\Local\Programs\MiKTeX\tex\generic\pgf\libraries\p
gflibraryplothandlers.code.tex
File: pgflibraryplothandlers.code.tex 2013/08/31 v3.0.1a (rcs-revision 1.20)
\pgf@plot@mark@count=\count94
\pgfplotmarksize=\dimen153
)
\tikz@lastx=\dimen154
\tikz@lasty=\dimen155
\tikz@lastxsaved=\dimen156
\tikz@lastysaved=\dimen157
\tikzleveldistance=\dimen158
\tikzsiblingdistance=\dimen159
\tikz@figbox=\box33
\tikz@figbox@bg=\box34
\tikz@tempbox=\box35
\tikz@tempbox@bg=\box36
\tikztreelevel=\count95
\tikznumberofchildren=\count96
\tikznumberofcurrentchild=\count97
\tikz@fig@count=\count98

(C:\Users\DangNhi_Ngo\AppData\Local\Programs\MiKTeX\tex\generic\pgf\modules\pgf
modulematrix.code.tex
File: pgfmodulematrix.code.tex 2013/09/17  (rcs-revision 1.8)
\pgfmatrixcurrentrow=\count99
\pgfmatrixcurrentcolumn=\count100
\pgf@matrix@numberofcolumns=\count101
)
\tikz@expandcount=\count102

(C:\Users\DangNhi_Ngo\AppData\Local\Programs\MiKTeX\tex\generic\pgf\frontendlay
er\tikz\libraries\tikzlibrarytopaths.code.tex
File: tikzlibrarytopaths.code.tex 2008/06/17 v3.0.1a (rcs-revision 1.2)
)))
(C:\Users\DangNhi_Ngo\AppData\Local\Programs\MiKTeX\tex\latex\amsmath\amsmath.s
ty
Package: amsmath 2017/09/02 v2.17a AMS math features
\@mathmargin=\skip44

For additional information on amsmath, use the `?' option.

(C:\Users\DangNhi_Ngo\AppData\Local\Programs\MiKTeX\tex\latex\amsmath\amstext.s
ty
Package: amstext 2000/06/29 v2.01 AMS text

(C:\Users\DangNhi_Ngo\AppData\Local\Programs\MiKTeX\tex\latex\amsmath\amsgen.st
y
File: amsgen.sty 1999/11/30 v2.0 generic functions
\@emptytoks=\toks35
\ex@=\dimen160
))
(C:\Users\DangNhi_Ngo\AppData\Local\Programs\MiKTeX\tex\latex\amsmath\amsbsy.st
y
Package: amsbsy 1999/11/29 v1.2d Bold Symbols
\pmbraise@=\dimen161
)
(C:\Users\DangNhi_Ngo\AppData\Local\Programs\MiKTeX\tex\latex\amsmath\amsopn.st
y
Package: amsopn 2016/03/08 v2.02 operator names
)
\inf@bad=\count103
LaTeX Info: Redefining \frac on input line 213.
\uproot@=\count104
\leftroot@=\count105
LaTeX Info: Redefining \overline on input line 375.
\classnum@=\count106
\DOTSCASE@=\count107
LaTeX Info: Redefining \ldots on input line 472.
LaTeX Info: Redefining \dots on input line 475.
LaTeX Info: Redefining \cdots on input line 596.
\Mathstrutbox@=\box37
\strutbox@=\box38
\big@size=\dimen162
LaTeX Font Info:    Redeclaring font encoding OML on input line 712.
LaTeX Font Info:    Redeclaring font encoding OMS on input line 713.
\macc@depth=\count108
\c@MaxMatrixCols=\count109
\dotsspace@=\muskip10
\c@parentequation=\count110
\dspbrk@lvl=\count111
\tag@help=\toks36
\row@=\count112
\column@=\count113
\maxfields@=\count114
\andhelp@=\toks37
\eqnshift@=\dimen163
\alignsep@=\dimen164
\tagshift@=\dimen165
\tagwidth@=\dimen166
\totwidth@=\dimen167
\lineht@=\dimen168
\@envbody=\toks38
\multlinegap=\skip45
\multlinetaggap=\skip46
\mathdisplay@stack=\toks39
LaTeX Info: Redefining \[ on input line 2817.
LaTeX Info: Redefining \] on input line 2818.
)
(C:\Users\DangNhi_Ngo\AppData\Local\Programs\MiKTeX\tex\generic\pgf\frontendlay
er\tikz\libraries\tikzlibraryarrows.code.tex
File: tikzlibraryarrows.code.tex 2008/01/09 v3.0.1a (rcs-revision 1.1)

(C:\Users\DangNhi_Ngo\AppData\Local\Programs\MiKTeX\tex\generic\pgf\libraries\p
gflibraryarrows.code.tex
File: pgflibraryarrows.code.tex 2013/09/23 v3.0.1a (rcs-revision 1.16)
\arrowsize=\dimen169
))
(C:\Users\DangNhi_Ngo\AppData\Local\Programs\MiKTeX\tex\generic\pgf\frontendlay
er\tikz\libraries\tikzlibraryautomata.code.tex
File: tikzlibraryautomata.code.tex 2008/07/14 v3.0.1a (rcs-revision 1.3)

(C:\Users\DangNhi_Ngo\AppData\Local\Programs\MiKTeX\tex\generic\pgf\frontendlay
er\tikz\libraries\tikzlibraryshapes.multipart.code.tex
File: tikzlibraryshapes.multipart.code.tex 2008/01/09 v3.0.1a (rcs-revision 1.1
)

(C:\Users\DangNhi_Ngo\AppData\Local\Programs\MiKTeX\tex\generic\pgf\libraries\s
hapes\pgflibraryshapes.multipart.code.tex
File: pgflibraryshapes.multipart.code.tex 2010/01/07 v3.0.1a (rcs-revision 1.2)

\pgfnodepartlowerbox=\box39
\pgfnodeparttwobox=\box40
\pgfnodepartthreebox=\box41
\pgfnodepartfourbox=\box42
\pgfnodeparttwentybox=\box43
\pgfnodepartnineteenbox=\box44
\pgfnodeparteighteenbox=\box45
\pgfnodepartseventeenbox=\box46
\pgfnodepartsixteenbox=\box47
\pgfnodepartfifteenbox=\box48
\pgfnodepartfourteenbox=\box49
\pgfnodepartthirteenbox=\box50
\pgfnodeparttwelvebox=\box51
\pgfnodepartelevenbox=\box52
\pgfnodeparttenbox=\box53
\pgfnodepartninebox=\box54
\pgfnodeparteightbox=\box55
\pgfnodepartsevenbox=\box56
\pgfnodepartsixbox=\box57
\pgfnodepartfivebox=\box58
)))
(C:\Users\DangNhi_Ngo\AppData\Local\Programs\MiKTeX\tex\generic\pgf\frontendlay
er\tikz\libraries\tikzlibrarypositioning.code.tex
File: tikzlibrarypositioning.code.tex 2008/10/06 v3.0.1a (rcs-revision 1.7)
)
(C:\Users\DangNhi_Ngo\AppData\Local\Programs\MiKTeX\tex\latex\base\inputenc.sty
Package: inputenc 2018/04/06 v1.3b Input encoding file
\inpenc@prehook=\toks40
\inpenc@posthook=\toks41
(C:\Users\DangNhi_Ngo\AppData\Local\Programs\MiKTeX\tex\latex\base\latin1.def
File: latin1.def 2018/04/06 v1.3b Input encoding file
)) (dngo_hw3.aux)
\openout1 = `dngo_hw3.aux'.

LaTeX Font Info:    Checking defaults for OML/cmm/m/it on input line 17.
LaTeX Font Info:    ... okay on input line 17.
LaTeX Font Info:    Checking defaults for T1/cmr/m/n on input line 17.
LaTeX Font Info:    ... okay on input line 17.
LaTeX Font Info:    Checking defaults for OT1/cmr/m/n on input line 17.
LaTeX Font Info:    ... okay on input line 17.
LaTeX Font Info:    Checking defaults for OMS/cmsy/m/n on input line 17.
LaTeX Font Info:    ... okay on input line 17.
LaTeX Font Info:    Checking defaults for OMX/cmex/m/n on input line 17.
LaTeX Font Info:    ... okay on input line 17.
LaTeX Font Info:    Checking defaults for U/cmr/m/n on input line 17.
LaTeX Font Info:    ... okay on input line 17.

*geometry* driver: auto-detecting
*geometry* detected driver: pdftex
*geometry* verbose mode - [ preamble ] result:
* driver: pdftex
* paper: <default>
* layout: <same size as paper>
* layoutoffset:(h,v)=(0.0pt,0.0pt)
* modes: 
* h-part:(L,W,R)=(72.26999pt, 469.75502pt, 72.26999pt)
* v-part:(T,H,B)=(72.26999pt, 650.43001pt, 72.26999pt)
* \paperwidth=614.295pt
* \paperheight=794.96999pt
* \textwidth=469.75502pt
* \textheight=650.43001pt
* \oddsidemargin=0.0pt
* \evensidemargin=0.0pt
* \topmargin=-57.0pt
* \headheight=12.0pt
* \headsep=45.0pt
* \topskip=12.0pt
* \footskip=18.06749pt
* \marginparwidth=90.0pt
* \marginparsep=11.0pt
* \columnsep=10.0pt
* \skip\footins=10.0pt plus 2.0pt minus 4.0pt
* \hoffset=0.0pt
* \voffset=0.0pt
* \mag=1000
* \@twocolumnfalse
* \@twosidefalse
* \@mparswitchfalse
* \@reversemarginfalse
* (1in=72.27pt=25.4mm, 1cm=28.453pt)

ABD: EveryShipout initializing macros
(C:\Users\DangNhi_Ngo\AppData\Local\Programs\MiKTeX\tex\context\base\supp-pdf.m
kii
[Loading MPS to PDF converter (version 2006.09.02).]
\scratchcounter=\count115
\scratchdimen=\dimen170
\scratchbox=\box59
\nofMPsegments=\count116
\nofMParguments=\count117
\everyMPshowfont=\toks42
\MPscratchCnt=\count118
\MPscratchDim=\dimen171
\MPnumerator=\count119
\makeMPintoPDFobject=\count120
\everyMPtoPDFconversion=\toks43
)
(C:\Users\DangNhi_Ngo\AppData\Local\Programs\MiKTeX\tex\latex\oberdiek\epstopdf
-base.sty
Package: epstopdf-base 2016/05/15 v2.6 Base part for package epstopdf

(C:\Users\DangNhi_Ngo\AppData\Local\Programs\MiKTeX\tex\generic\oberdiek\infwar
err.sty
Package: infwarerr 2016/05/16 v1.4 Providing info/warning/error messages (HO)
)
(C:\Users\DangNhi_Ngo\AppData\Local\Programs\MiKTeX\tex\latex\oberdiek\grfext.s
ty
Package: grfext 2016/05/16 v1.2 Manage graphics extensions (HO)

(C:\Users\DangNhi_Ngo\AppData\Local\Programs\MiKTeX\tex\generic\oberdiek\kvdefi
nekeys.sty
Package: kvdefinekeys 2016/05/16 v1.4 Define keys (HO)

(C:\Users\DangNhi_Ngo\AppData\Local\Programs\MiKTeX\tex\generic\oberdiek\ltxcmd
s.sty
Package: ltxcmds 2016/05/16 v1.23 LaTeX kernel commands for general use (HO)
)))
(C:\Users\DangNhi_Ngo\AppData\Local\Programs\MiKTeX\tex\latex\oberdiek\kvoption
s.sty
Package: kvoptions 2016/05/16 v3.12 Key value format for package options (HO)

(C:\Users\DangNhi_Ngo\AppData\Local\Programs\MiKTeX\tex\generic\oberdiek\kvsetk
eys.sty
Package: kvsetkeys 2016/05/16 v1.17 Key value parser (HO)

(C:\Users\DangNhi_Ngo\AppData\Local\Programs\MiKTeX\tex\generic\oberdiek\etexcm
ds.sty
Package: etexcmds 2016/05/16 v1.6 Avoid name clashes with e-TeX commands (HO)

(C:\Users\DangNhi_Ngo\AppData\Local\Programs\MiKTeX\tex\generic\oberdiek\ifluat
ex.sty
Package: ifluatex 2016/05/16 v1.4 Provides the ifluatex switch (HO)
Package ifluatex Info: LuaTeX not detected.
)
Package etexcmds Info: Could not find \expanded.
(etexcmds)             That can mean that you are not using pdfTeX 1.50 or
(etexcmds)             that some package has redefined \expanded.
(etexcmds)             In the latter case, load this package earlier.
)))
(C:\Users\DangNhi_Ngo\AppData\Local\Programs\MiKTeX\tex\generic\oberdiek\pdftex
cmds.sty
Package: pdftexcmds 2018/01/30 v0.27 Utility functions of pdfTeX for LuaTeX (HO
)
Package pdftexcmds Info: LuaTeX not detected.
Package pdftexcmds Info: \pdf@primitive is available.
Package pdftexcmds Info: \pdf@ifprimitive is available.
Package pdftexcmds Info: \pdfdraftmode found.
)
Package epstopdf-base Info: Redefining graphics rule for `.eps' on input line 4
38.
Package grfext Info: Graphics extension search list:
(grfext)             [.pdf,.png,.jpg,.mps,.jpeg,.jbig2,.jb2,.PDF,.PNG,.JPG,.JPE
G,.JBIG2,.JB2,.eps]
(grfext)             \AppendGraphicsExtensions on input line 456.
)
LaTeX Font Info:    Try loading font information for U+msa on input line 26.

(C:\Users\DangNhi_Ngo\AppData\Local\Programs\MiKTeX\tex\latex\amsfonts\umsa.fd
File: umsa.fd 2013/01/14 v3.01 AMS symbols A
)
LaTeX Font Info:    Try loading font information for U+msb on input line 26.
(C:\Users\DangNhi_Ngo\AppData\Local\Programs\MiKTeX\tex\latex\amsfonts\umsb.fd
File: umsb.fd 2013/01/14 v3.01 AMS symbols B
) [1

{C:/Users/DangNhi_Ngo/AppData/Local/MiKTeX/2.9/pdftex/config/pdftex.map}]
[2]
Missing character: There is no + in font nullfont!
Missing character: There is no + in font nullfont!
 [3] [4]
LaTeX Font Info:    Try loading font information for OMS+cmr on input line 254.


(C:\Users\DangNhi_Ngo\AppData\Local\Programs\MiKTeX\tex\latex\base\omscmr.fd
File: omscmr.fd 2014/09/29 v2.5h Standard LaTeX font definitions
)
LaTeX Font Info:    Font shape `OMS/cmr/m/n' in size <12> not available
(Font)              Font shape `OMS/cmsy/m/n' tried instead on input line 254.

[5] [6] [7] [8] [9] [10] [11] [12] (dngo_hw3.aux) ) 
Here is how much of TeX's memory you used:
 13961 strings out of 492973
 294795 string characters out of 3125822
 342581 words of memory out of 3000000
 17554 multiletter control sequences out of 15000+200000
 10906 words of font info for 41 fonts, out of 3000000 for 9000
 1141 hyphenation exceptions out of 8191
 48i,17n,66p,521b,1631s stack positions out of 5000i,500n,10000p,200000b,50000s
<C:/Users/DangNhi_Ngo/AppDat
a/Local/Programs/MiKTeX/fonts/type1/public/amsfonts/cm/cmbx12.pfb><C:/Users/Dan
gNhi_Ngo/AppData/Local/Programs/MiKTeX/fonts/type1/public/amsfonts/cm/cmex10.pf
b><C:/Users/DangNhi_Ngo/AppData/Local/Programs/MiKTeX/fonts/type1/public/amsfon
ts/cm/cmmi12.pfb><C:/Users/DangNhi_Ngo/AppData/Local/Programs/MiKTeX/fonts/type
1/public/amsfonts/cm/cmmi6.pfb><C:/Users/DangNhi_Ngo/AppData/Local/Programs/MiK
TeX/fonts/type1/public/amsfonts/cm/cmmi8.pfb><C:/Users/DangNhi_Ngo/AppData/Loca
l/Programs/MiKTeX/fonts/type1/public/amsfonts/cm/cmr12.pfb><C:/Users/DangNhi_Ng
o/AppData/Local/Programs/MiKTeX/fonts/type1/public/amsfonts/cm/cmr6.pfb><C:/Use
rs/DangNhi_Ngo/AppData/Local/Programs/MiKTeX/fonts/type1/public/amsfonts/cm/cmr
8.pfb><C:/Users/DangNhi_Ngo/AppData/Local/Programs/MiKTeX/fonts/type1/public/am
sfonts/cm/cmsy10.pfb><C:/Users/DangNhi_Ngo/AppData/Local/Programs/MiKTeX/fonts/
type1/public/amsfonts/cm/cmsy6.pfb><C:/Users/DangNhi_Ngo/AppData/Local/Programs
/MiKTeX/fonts/type1/public/amsfonts/cm/cmsy8.pfb><C:/Users/DangNhi_Ngo/AppData/
Local/Programs/MiKTeX/fonts/type1/public/amsfonts/cm/cmti12.pfb>
Output written on dngo_hw3.pdf (12 pages, 170718 bytes).
PDF statistics:
 92 PDF objects out of 1000 (max. 8388607)
 0 named destinations out of 1000 (max. 500000)
 13 words of extra memory for PDF output out of 10000 (max. 10000000)

