This is pdfTeX, Version 3.14159265-2.6-1.40.17 (TeX Live 2016) (preloaded format=pdflatex 2016.5.22)  12 NOV 2017 20:27
entering extended mode
 restricted \write18 enabled.
 %&-line parsing enabled.
**hw4.tex
(./hw4.tex
LaTeX2e <2016/03/31>
Babel <3.9r> and hyphenation patterns for 83 language(s) loaded.
(/usr/local/texlive/2016/texmf-dist/tex/latex/base/letter.cls
Document Class: letter 2014/09/29 v1.2z Standard LaTeX document class
(/usr/local/texlive/2016/texmf-dist/tex/latex/base/size12.clo
File: size12.clo 2014/09/29 v1.4h Standard LaTeX file (size option)
)
\longindentation=\dimen102
\indentedwidth=\dimen103
\labelcount=\count79
)
(/usr/local/texlive/2016/texmf-dist/tex/latex/geometry/geometry.sty
Package: geometry 2010/09/12 v5.6 Page Geometry

(/usr/local/texlive/2016/texmf-dist/tex/latex/graphics/keyval.sty
Package: keyval 2014/10/28 v1.15 key=value parser (DPC)
\KV@toks@=\toks14
)
(/usr/local/texlive/2016/texmf-dist/tex/generic/oberdiek/ifpdf.sty
Package: ifpdf 2016/05/14 v3.1 Provides the ifpdf switch
)
(/usr/local/texlive/2016/texmf-dist/tex/generic/oberdiek/ifvtex.sty
Package: ifvtex 2016/05/16 v1.6 Detect VTeX and its facilities (HO)
Package ifvtex Info: VTeX not detected.
)
(/usr/local/texlive/2016/texmf-dist/tex/generic/ifxetex/ifxetex.sty
Package: ifxetex 2010/09/12 v0.6 Provides ifxetex conditional
)
\Gm@cnth=\count80
\Gm@cntv=\count81
\c@Gm@tempcnt=\count82
\Gm@bindingoffset=\dimen104
\Gm@wd@mp=\dimen105
\Gm@odd@mp=\dimen106
\Gm@even@mp=\dimen107
\Gm@layoutwidth=\dimen108
\Gm@layoutheight=\dimen109
\Gm@layouthoffset=\dimen110
\Gm@layoutvoffset=\dimen111
\Gm@dimlist=\toks15
)
(/usr/local/texlive/2016/texmf-dist/tex/latex/amsfonts/amsfonts.sty
Package: amsfonts 2013/01/14 v3.01 Basic AMSFonts support
\@emptytoks=\toks16
\symAMSa=\mathgroup4
\symAMSb=\mathgroup5
LaTeX Font Info:    Overwriting math alphabet `\mathfrak' in version `bold'
(Font)                  U/euf/m/n --> U/euf/b/n on input line 106.
)
(/usr/local/texlive/2016/texmf-dist/tex/latex/pgf/basiclayer/pgf.sty
(/usr/local/texlive/2016/texmf-dist/tex/latex/pgf/utilities/pgfrcs.sty
(/usr/local/texlive/2016/texmf-dist/tex/generic/pgf/utilities/pgfutil-common.te
x
\pgfutil@everybye=\toks17
\pgfutil@tempdima=\dimen112
\pgfutil@tempdimb=\dimen113

(/usr/local/texlive/2016/texmf-dist/tex/generic/pgf/utilities/pgfutil-common-li
sts.tex))
(/usr/local/texlive/2016/texmf-dist/tex/generic/pgf/utilities/pgfutil-latex.def
\pgfutil@abb=\box26
(/usr/local/texlive/2016/texmf-dist/tex/latex/ms/everyshi.sty
Package: everyshi 2001/05/15 v3.00 EveryShipout Package (MS)
))
(/usr/local/texlive/2016/texmf-dist/tex/generic/pgf/utilities/pgfrcs.code.tex
Package: pgfrcs 2015/08/07 v3.0.1a (rcs-revision 1.31)
))
Package: pgf 2015/08/07 v3.0.1a (rcs-revision 1.15)
(/usr/local/texlive/2016/texmf-dist/tex/latex/pgf/basiclayer/pgfcore.sty
(/usr/local/texlive/2016/texmf-dist/tex/latex/graphics/graphicx.sty
Package: graphicx 2014/10/28 v1.0g Enhanced LaTeX Graphics (DPC,SPQR)

(/usr/local/texlive/2016/texmf-dist/tex/latex/graphics/graphics.sty
Package: graphics 2016/05/09 v1.0r Standard LaTeX Graphics (DPC,SPQR)

(/usr/local/texlive/2016/texmf-dist/tex/latex/graphics/trig.sty
Package: trig 2016/01/03 v1.10 sin cos tan (DPC)
)
(/usr/local/texlive/2016/texmf-dist/tex/latex/graphics-cfg/graphics.cfg
File: graphics.cfg 2016/01/02 v1.10 sample graphics configuration
)
Package graphics Info: Driver file: pdftex.def on input line 96.

(/usr/local/texlive/2016/texmf-dist/tex/latex/pdftex-def/pdftex.def
File: pdftex.def 2011/05/27 v0.06d Graphics/color for pdfTeX

(/usr/local/texlive/2016/texmf-dist/tex/generic/oberdiek/infwarerr.sty
Package: infwarerr 2016/05/16 v1.4 Providing info/warning/error messages (HO)
)
(/usr/local/texlive/2016/texmf-dist/tex/generic/oberdiek/ltxcmds.sty
Package: ltxcmds 2016/05/16 v1.23 LaTeX kernel commands for general use (HO)
)
\Gread@gobject=\count83
))
\Gin@req@height=\dimen114
\Gin@req@width=\dimen115
)
(/usr/local/texlive/2016/texmf-dist/tex/latex/pgf/systemlayer/pgfsys.sty
(/usr/local/texlive/2016/texmf-dist/tex/generic/pgf/systemlayer/pgfsys.code.tex
Package: pgfsys 2014/07/09 v3.0.1a (rcs-revision 1.48)
(/usr/local/texlive/2016/texmf-dist/tex/generic/pgf/utilities/pgfkeys.code.tex
\pgfkeys@pathtoks=\toks18
\pgfkeys@temptoks=\toks19

(/usr/local/texlive/2016/texmf-dist/tex/generic/pgf/utilities/pgfkeysfiltered.c
ode.tex
\pgfkeys@tmptoks=\toks20
))
\pgf@x=\dimen116
\pgf@y=\dimen117
\pgf@xa=\dimen118
\pgf@ya=\dimen119
\pgf@xb=\dimen120
\pgf@yb=\dimen121
\pgf@xc=\dimen122
\pgf@yc=\dimen123
\w@pgf@writea=\write3
\r@pgf@reada=\read1
\c@pgf@counta=\count84
\c@pgf@countb=\count85
\c@pgf@countc=\count86
\c@pgf@countd=\count87
\t@pgf@toka=\toks21
\t@pgf@tokb=\toks22
\t@pgf@tokc=\toks23

(/usr/local/texlive/2016/texmf-dist/tex/generic/pgf/systemlayer/pgf.cfg
File: pgf.cfg 2008/05/14  (rcs-revision 1.7)
)
Driver file for pgf: pgfsys-pdftex.def

(/usr/local/texlive/2016/texmf-dist/tex/generic/pgf/systemlayer/pgfsys-pdftex.d
ef
File: pgfsys-pdftex.def 2014/10/11  (rcs-revision 1.35)

(/usr/local/texlive/2016/texmf-dist/tex/generic/pgf/systemlayer/pgfsys-common-p
df.def
File: pgfsys-common-pdf.def 2013/10/10  (rcs-revision 1.13)
)))
(/usr/local/texlive/2016/texmf-dist/tex/generic/pgf/systemlayer/pgfsyssoftpath.
code.tex
File: pgfsyssoftpath.code.tex 2013/09/09  (rcs-revision 1.9)
\pgfsyssoftpath@smallbuffer@items=\count88
\pgfsyssoftpath@bigbuffer@items=\count89
)
(/usr/local/texlive/2016/texmf-dist/tex/generic/pgf/systemlayer/pgfsysprotocol.
code.tex
File: pgfsysprotocol.code.tex 2006/10/16  (rcs-revision 1.4)
)) (/usr/local/texlive/2016/texmf-dist/tex/latex/xcolor/xcolor.sty
Package: xcolor 2016/05/11 v2.12 LaTeX color extensions (UK)

(/usr/local/texlive/2016/texmf-dist/tex/latex/graphics-cfg/color.cfg
File: color.cfg 2016/01/02 v1.6 sample color configuration
)
Package xcolor Info: Driver file: pdftex.def on input line 225.
Package xcolor Info: Model `cmy' substituted by `cmy0' on input line 1348.
Package xcolor Info: Model `hsb' substituted by `rgb' on input line 1352.
Package xcolor Info: Model `RGB' extended on input line 1364.
Package xcolor Info: Model `HTML' substituted by `rgb' on input line 1366.
Package xcolor Info: Model `Hsb' substituted by `hsb' on input line 1367.
Package xcolor Info: Model `tHsb' substituted by `hsb' on input line 1368.
Package xcolor Info: Model `HSB' substituted by `hsb' on input line 1369.
Package xcolor Info: Model `Gray' substituted by `gray' on input line 1370.
Package xcolor Info: Model `wave' substituted by `hsb' on input line 1371.
)
(/usr/local/texlive/2016/texmf-dist/tex/generic/pgf/basiclayer/pgfcore.code.tex
Package: pgfcore 2010/04/11 v3.0.1a (rcs-revision 1.7)
(/usr/local/texlive/2016/texmf-dist/tex/generic/pgf/math/pgfmath.code.tex
(/usr/local/texlive/2016/texmf-dist/tex/generic/pgf/math/pgfmathcalc.code.tex
(/usr/local/texlive/2016/texmf-dist/tex/generic/pgf/math/pgfmathutil.code.tex)
(/usr/local/texlive/2016/texmf-dist/tex/generic/pgf/math/pgfmathparser.code.tex
\pgfmath@dimen=\dimen124
\pgfmath@count=\count90
\pgfmath@box=\box27
\pgfmath@toks=\toks24
\pgfmath@stack@operand=\toks25
\pgfmath@stack@operation=\toks26
)
(/usr/local/texlive/2016/texmf-dist/tex/generic/pgf/math/pgfmathfunctions.code.
tex
(/usr/local/texlive/2016/texmf-dist/tex/generic/pgf/math/pgfmathfunctions.basic
.code.tex)
(/usr/local/texlive/2016/texmf-dist/tex/generic/pgf/math/pgfmathfunctions.trigo
nometric.code.tex)
(/usr/local/texlive/2016/texmf-dist/tex/generic/pgf/math/pgfmathfunctions.rando
m.code.tex)
(/usr/local/texlive/2016/texmf-dist/tex/generic/pgf/math/pgfmathfunctions.compa
rison.code.tex)
(/usr/local/texlive/2016/texmf-dist/tex/generic/pgf/math/pgfmathfunctions.base.
code.tex)
(/usr/local/texlive/2016/texmf-dist/tex/generic/pgf/math/pgfmathfunctions.round
.code.tex)
(/usr/local/texlive/2016/texmf-dist/tex/generic/pgf/math/pgfmathfunctions.misc.
code.tex)
(/usr/local/texlive/2016/texmf-dist/tex/generic/pgf/math/pgfmathfunctions.integ
erarithmetics.code.tex)))
(/usr/local/texlive/2016/texmf-dist/tex/generic/pgf/math/pgfmathfloat.code.tex
\c@pgfmathroundto@lastzeros=\count91
))
(/usr/local/texlive/2016/texmf-dist/tex/generic/pgf/basiclayer/pgfcorepoints.co
de.tex
File: pgfcorepoints.code.tex 2013/10/07  (rcs-revision 1.27)
\pgf@picminx=\dimen125
\pgf@picmaxx=\dimen126
\pgf@picminy=\dimen127
\pgf@picmaxy=\dimen128
\pgf@pathminx=\dimen129
\pgf@pathmaxx=\dimen130
\pgf@pathminy=\dimen131
\pgf@pathmaxy=\dimen132
\pgf@xx=\dimen133
\pgf@xy=\dimen134
\pgf@yx=\dimen135
\pgf@yy=\dimen136
\pgf@zx=\dimen137
\pgf@zy=\dimen138
)
(/usr/local/texlive/2016/texmf-dist/tex/generic/pgf/basiclayer/pgfcorepathconst
ruct.code.tex
File: pgfcorepathconstruct.code.tex 2013/10/07  (rcs-revision 1.29)
\pgf@path@lastx=\dimen139
\pgf@path@lasty=\dimen140
)
(/usr/local/texlive/2016/texmf-dist/tex/generic/pgf/basiclayer/pgfcorepathusage
.code.tex
File: pgfcorepathusage.code.tex 2014/11/02  (rcs-revision 1.24)
\pgf@shorten@end@additional=\dimen141
\pgf@shorten@start@additional=\dimen142
)
(/usr/local/texlive/2016/texmf-dist/tex/generic/pgf/basiclayer/pgfcorescopes.co
de.tex
File: pgfcorescopes.code.tex 2015/05/08  (rcs-revision 1.46)
\pgfpic=\box28
\pgf@hbox=\box29
\pgf@layerbox@main=\box30
\pgf@picture@serial@count=\count92
)
(/usr/local/texlive/2016/texmf-dist/tex/generic/pgf/basiclayer/pgfcoregraphicst
ate.code.tex
File: pgfcoregraphicstate.code.tex 2014/11/02  (rcs-revision 1.12)
\pgflinewidth=\dimen143
)
(/usr/local/texlive/2016/texmf-dist/tex/generic/pgf/basiclayer/pgfcoretransform
ations.code.tex
File: pgfcoretransformations.code.tex 2015/08/07  (rcs-revision 1.20)
\pgf@pt@x=\dimen144
\pgf@pt@y=\dimen145
\pgf@pt@temp=\dimen146
)
(/usr/local/texlive/2016/texmf-dist/tex/generic/pgf/basiclayer/pgfcorequick.cod
e.tex
File: pgfcorequick.code.tex 2008/10/09  (rcs-revision 1.3)
)
(/usr/local/texlive/2016/texmf-dist/tex/generic/pgf/basiclayer/pgfcoreobjects.c
ode.tex
File: pgfcoreobjects.code.tex 2006/10/11  (rcs-revision 1.2)
)
(/usr/local/texlive/2016/texmf-dist/tex/generic/pgf/basiclayer/pgfcorepathproce
ssing.code.tex
File: pgfcorepathprocessing.code.tex 2013/09/09  (rcs-revision 1.9)
)
(/usr/local/texlive/2016/texmf-dist/tex/generic/pgf/basiclayer/pgfcorearrows.co
de.tex
File: pgfcorearrows.code.tex 2015/05/14  (rcs-revision 1.43)
\pgfarrowsep=\dimen147
)
(/usr/local/texlive/2016/texmf-dist/tex/generic/pgf/basiclayer/pgfcoreshade.cod
e.tex
File: pgfcoreshade.code.tex 2013/07/15  (rcs-revision 1.15)
\pgf@max=\dimen148
\pgf@sys@shading@range@num=\count93
)
(/usr/local/texlive/2016/texmf-dist/tex/generic/pgf/basiclayer/pgfcoreimage.cod
e.tex
File: pgfcoreimage.code.tex 2013/07/15  (rcs-revision 1.18)

(/usr/local/texlive/2016/texmf-dist/tex/generic/pgf/basiclayer/pgfcoreexternal.
code.tex
File: pgfcoreexternal.code.tex 2014/07/09  (rcs-revision 1.21)
\pgfexternal@startupbox=\box31
))
(/usr/local/texlive/2016/texmf-dist/tex/generic/pgf/basiclayer/pgfcorelayers.co
de.tex
File: pgfcorelayers.code.tex 2013/07/18  (rcs-revision 1.7)
)
(/usr/local/texlive/2016/texmf-dist/tex/generic/pgf/basiclayer/pgfcoretranspare
ncy.code.tex
File: pgfcoretransparency.code.tex 2013/09/30  (rcs-revision 1.5)
)
(/usr/local/texlive/2016/texmf-dist/tex/generic/pgf/basiclayer/pgfcorepatterns.
code.tex
File: pgfcorepatterns.code.tex 2013/11/07  (rcs-revision 1.5)
)))
(/usr/local/texlive/2016/texmf-dist/tex/generic/pgf/modules/pgfmoduleshapes.cod
e.tex
File: pgfmoduleshapes.code.tex 2014/03/21  (rcs-revision 1.35)
\pgfnodeparttextbox=\box32
)
(/usr/local/texlive/2016/texmf-dist/tex/generic/pgf/modules/pgfmoduleplot.code.
tex
File: pgfmoduleplot.code.tex 2015/08/03  (rcs-revision 1.13)
)
(/usr/local/texlive/2016/texmf-dist/tex/latex/pgf/compatibility/pgfcomp-version
-0-65.sty
Package: pgfcomp-version-0-65 2007/07/03 v3.0.1a (rcs-revision 1.7)
\pgf@nodesepstart=\dimen149
\pgf@nodesepend=\dimen150
)
(/usr/local/texlive/2016/texmf-dist/tex/latex/pgf/compatibility/pgfcomp-version
-1-18.sty
Package: pgfcomp-version-1-18 2007/07/23 v3.0.1a (rcs-revision 1.1)
))
(/usr/local/texlive/2016/texmf-dist/tex/latex/pgf/frontendlayer/tikz.sty
(/usr/local/texlive/2016/texmf-dist/tex/latex/pgf/utilities/pgffor.sty
(/usr/local/texlive/2016/texmf-dist/tex/latex/pgf/utilities/pgfkeys.sty
(/usr/local/texlive/2016/texmf-dist/tex/generic/pgf/utilities/pgfkeys.code.tex)
) (/usr/local/texlive/2016/texmf-dist/tex/latex/pgf/math/pgfmath.sty
(/usr/local/texlive/2016/texmf-dist/tex/generic/pgf/math/pgfmath.code.tex))
(/usr/local/texlive/2016/texmf-dist/tex/generic/pgf/utilities/pgffor.code.tex
Package: pgffor 2013/12/13 v3.0.1a (rcs-revision 1.25)

(/usr/local/texlive/2016/texmf-dist/tex/generic/pgf/math/pgfmath.code.tex)
\pgffor@iter=\dimen151
\pgffor@skip=\dimen152
\pgffor@stack=\toks27
\pgffor@toks=\toks28
))
(/usr/local/texlive/2016/texmf-dist/tex/generic/pgf/frontendlayer/tikz/tikz.cod
e.tex
Package: tikz 2015/08/07 v3.0.1a (rcs-revision 1.151)

(/usr/local/texlive/2016/texmf-dist/tex/generic/pgf/libraries/pgflibraryplothan
dlers.code.tex
File: pgflibraryplothandlers.code.tex 2013/08/31 v3.0.1a (rcs-revision 1.20)
\pgf@plot@mark@count=\count94
\pgfplotmarksize=\dimen153
)
\tikz@lastx=\dimen154
\tikz@lasty=\dimen155
\tikz@lastxsaved=\dimen156
\tikz@lastysaved=\dimen157
\tikzleveldistance=\dimen158
\tikzsiblingdistance=\dimen159
\tikz@figbox=\box33
\tikz@figbox@bg=\box34
\tikz@tempbox=\box35
\tikz@tempbox@bg=\box36
\tikztreelevel=\count95
\tikznumberofchildren=\count96
\tikznumberofcurrentchild=\count97
\tikz@fig@count=\count98

(/usr/local/texlive/2016/texmf-dist/tex/generic/pgf/modules/pgfmodulematrix.cod
e.tex
File: pgfmodulematrix.code.tex 2013/09/17  (rcs-revision 1.8)
\pgfmatrixcurrentrow=\count99
\pgfmatrixcurrentcolumn=\count100
\pgf@matrix@numberofcolumns=\count101
)
\tikz@expandcount=\count102

(/usr/local/texlive/2016/texmf-dist/tex/generic/pgf/frontendlayer/tikz/librarie
s/tikzlibrarytopaths.code.tex
File: tikzlibrarytopaths.code.tex 2008/06/17 v3.0.1a (rcs-revision 1.2)
)))
(/usr/local/texlive/2016/texmf-dist/tex/latex/amsmath/amsmath.sty
Package: amsmath 2016/03/10 v2.15b AMS math features
\@mathmargin=\skip41

For additional information on amsmath, use the `?' option.
(/usr/local/texlive/2016/texmf-dist/tex/latex/amsmath/amstext.sty
Package: amstext 2000/06/29 v2.01 AMS text

(/usr/local/texlive/2016/texmf-dist/tex/latex/amsmath/amsgen.sty
File: amsgen.sty 1999/11/30 v2.0 generic functions
\@emptytoks=\toks29
\ex@=\dimen160
))
(/usr/local/texlive/2016/texmf-dist/tex/latex/amsmath/amsbsy.sty
Package: amsbsy 1999/11/29 v1.2d Bold Symbols
\pmbraise@=\dimen161
)
(/usr/local/texlive/2016/texmf-dist/tex/latex/amsmath/amsopn.sty
Package: amsopn 2016/03/08 v2.02 operator names
)
\inf@bad=\count103
LaTeX Info: Redefining \frac on input line 199.
\uproot@=\count104
\leftroot@=\count105
LaTeX Info: Redefining \overline on input line 297.
\classnum@=\count106
\DOTSCASE@=\count107
LaTeX Info: Redefining \ldots on input line 394.
LaTeX Info: Redefining \dots on input line 397.
LaTeX Info: Redefining \cdots on input line 518.
\Mathstrutbox@=\box37
\strutbox@=\box38
\big@size=\dimen162
LaTeX Font Info:    Redeclaring font encoding OML on input line 634.
LaTeX Font Info:    Redeclaring font encoding OMS on input line 635.
\macc@depth=\count108
\c@MaxMatrixCols=\count109
\dotsspace@=\muskip10
\c@parentequation=\count110
\dspbrk@lvl=\count111
\tag@help=\toks30
\row@=\count112
\column@=\count113
\maxfields@=\count114
\andhelp@=\toks31
\eqnshift@=\dimen163
\alignsep@=\dimen164
\tagshift@=\dimen165
\tagwidth@=\dimen166
\totwidth@=\dimen167
\lineht@=\dimen168
\@envbody=\toks32
\multlinegap=\skip42
\multlinetaggap=\skip43
\mathdisplay@stack=\toks33
LaTeX Info: Redefining \[ on input line 2739.
LaTeX Info: Redefining \] on input line 2740.
)
(/usr/local/texlive/2016/texmf-dist/tex/latex/base/inputenc.sty
Package: inputenc 2015/03/17 v1.2c Input encoding file
\inpenc@prehook=\toks34
\inpenc@posthook=\toks35

(/usr/local/texlive/2016/texmf-dist/tex/latex/base/latin1.def
File: latin1.def 2015/03/17 v1.2c Input encoding file
))
(/usr/local/texlive/2016/texmf-dist/tex/generic/pgf/frontendlayer/tikz/librarie
s/tikzlibraryarrows.code.tex
File: tikzlibraryarrows.code.tex 2008/01/09 v3.0.1a (rcs-revision 1.1)

(/usr/local/texlive/2016/texmf-dist/tex/generic/pgf/libraries/pgflibraryarrows.
code.tex
File: pgflibraryarrows.code.tex 2013/09/23 v3.0.1a (rcs-revision 1.16)
\arrowsize=\dimen169
))
(/usr/local/texlive/2016/texmf-dist/tex/generic/pgf/frontendlayer/tikz/librarie
s/tikzlibraryautomata.code.tex
File: tikzlibraryautomata.code.tex 2008/07/14 v3.0.1a (rcs-revision 1.3)

(/usr/local/texlive/2016/texmf-dist/tex/generic/pgf/frontendlayer/tikz/librarie
s/tikzlibraryshapes.multipart.code.tex
File: tikzlibraryshapes.multipart.code.tex 2008/01/09 v3.0.1a (rcs-revision 1.1
)

(/usr/local/texlive/2016/texmf-dist/tex/generic/pgf/libraries/shapes/pgflibrary
shapes.multipart.code.tex
File: pgflibraryshapes.multipart.code.tex 2010/01/07 v3.0.1a (rcs-revision 1.2)

\pgfnodepartlowerbox=\box39
\pgfnodeparttwobox=\box40
\pgfnodepartthreebox=\box41
\pgfnodepartfourbox=\box42
\pgfnodeparttwentybox=\box43
\pgfnodepartnineteenbox=\box44
\pgfnodeparteighteenbox=\box45
\pgfnodepartseventeenbox=\box46
\pgfnodepartsixteenbox=\box47
\pgfnodepartfifteenbox=\box48
\pgfnodepartfourteenbox=\box49
\pgfnodepartthirteenbox=\box50
\pgfnodeparttwelvebox=\box51
\pgfnodepartelevenbox=\box52
\pgfnodeparttenbox=\box53
\pgfnodepartninebox=\box54
\pgfnodeparteightbox=\box55
\pgfnodepartsevenbox=\box56
\pgfnodepartsixbox=\box57
\pgfnodepartfivebox=\box58
)))
(/usr/local/texlive/2016/texmf-dist/tex/generic/pgf/frontendlayer/tikz/librarie
s/tikzlibrarypositioning.code.tex
File: tikzlibrarypositioning.code.tex 2008/10/06 v3.0.1a (rcs-revision 1.7)
) (./hw4.aux)
\openout1 = `hw4.aux'.

LaTeX Font Info:    Checking defaults for OML/cmm/m/it on input line 15.
LaTeX Font Info:    ... okay on input line 15.
LaTeX Font Info:    Checking defaults for T1/cmr/m/n on input line 15.
LaTeX Font Info:    ... okay on input line 15.
LaTeX Font Info:    Checking defaults for OT1/cmr/m/n on input line 15.
LaTeX Font Info:    ... okay on input line 15.
LaTeX Font Info:    Checking defaults for OMS/cmsy/m/n on input line 15.
LaTeX Font Info:    ... okay on input line 15.
LaTeX Font Info:    Checking defaults for OMX/cmex/m/n on input line 15.
LaTeX Font Info:    ... okay on input line 15.
LaTeX Font Info:    Checking defaults for U/cmr/m/n on input line 15.
LaTeX Font Info:    ... okay on input line 15.

*geometry* driver: auto-detecting
*geometry* detected driver: pdftex
*geometry* verbose mode - [ preamble ] result:
* driver: pdftex
* paper: <default>
* layout: <same size as paper>
* layoutoffset:(h,v)=(0.0pt,0.0pt)
* modes: 
* h-part:(L,W,R)=(72.26999pt, 469.75502pt, 72.26999pt)
* v-part:(T,H,B)=(72.26999pt, 650.43001pt, 72.26999pt)
* \paperwidth=614.295pt
* \paperheight=794.96999pt
* \textwidth=469.75502pt
* \textheight=650.43001pt
* \oddsidemargin=0.0pt
* \evensidemargin=0.0pt
* \topmargin=-57.0pt
* \headheight=12.0pt
* \headsep=45.0pt
* \topskip=12.0pt
* \footskip=18.06749pt
* \marginparwidth=90.0pt
* \marginparsep=11.0pt
* \columnsep=10.0pt
* \skip\footins=10.0pt plus 2.0pt minus 4.0pt
* \hoffset=0.0pt
* \voffset=0.0pt
* \mag=1000
* \@twocolumnfalse
* \@twosidefalse
* \@mparswitchfalse
* \@reversemarginfalse
* (1in=72.27pt=25.4mm, 1cm=28.453pt)

ABD: EveryShipout initializing macros
(/usr/local/texlive/2016/texmf-dist/tex/context/base/mkii/supp-pdf.mkii
[Loading MPS to PDF converter (version 2006.09.02).]
\scratchcounter=\count115
\scratchdimen=\dimen170
\scratchbox=\box59
\nofMPsegments=\count116
\nofMParguments=\count117
\everyMPshowfont=\toks36
\MPscratchCnt=\count118
\MPscratchDim=\dimen171
\MPnumerator=\count119
\makeMPintoPDFobject=\count120
\everyMPtoPDFconversion=\toks37
) (/usr/local/texlive/2016/texmf-dist/tex/generic/oberdiek/pdftexcmds.sty
Package: pdftexcmds 2016/05/10 v0.21 Utility functions of pdfTeX for LuaTeX (HO
)

(/usr/local/texlive/2016/texmf-dist/tex/generic/oberdiek/ifluatex.sty
Package: ifluatex 2016/05/16 v1.4 Provides the ifluatex switch (HO)
Package ifluatex Info: LuaTeX not detected.
)
Package pdftexcmds Info: LuaTeX not detected.
Package pdftexcmds Info: \pdf@primitive is available.
Package pdftexcmds Info: \pdf@ifprimitive is available.
Package pdftexcmds Info: \pdfdraftmode found.
)
(/usr/local/texlive/2016/texmf-dist/tex/latex/oberdiek/epstopdf-base.sty
Package: epstopdf-base 2016/05/15 v2.6 Base part for package epstopdf

(/usr/local/texlive/2016/texmf-dist/tex/latex/oberdiek/grfext.sty
Package: grfext 2016/05/16 v1.2 Manage graphics extensions (HO)

(/usr/local/texlive/2016/texmf-dist/tex/generic/oberdiek/kvdefinekeys.sty
Package: kvdefinekeys 2016/05/16 v1.4 Define keys (HO)
))
(/usr/local/texlive/2016/texmf-dist/tex/latex/oberdiek/kvoptions.sty
Package: kvoptions 2016/05/16 v3.12 Key value format for package options (HO)

(/usr/local/texlive/2016/texmf-dist/tex/generic/oberdiek/kvsetkeys.sty
Package: kvsetkeys 2016/05/16 v1.17 Key value parser (HO)

(/usr/local/texlive/2016/texmf-dist/tex/generic/oberdiek/etexcmds.sty
Package: etexcmds 2016/05/16 v1.6 Avoid name clashes with e-TeX commands (HO)
Package etexcmds Info: Could not find \expanded.
(etexcmds)             That can mean that you are not using pdfTeX 1.50 or
(etexcmds)             that some package has redefined \expanded.
(etexcmds)             In the latter case, load this package earlier.
)))
Package grfext Info: Graphics extension search list:
(grfext)             [.png,.pdf,.jpg,.mps,.jpeg,.jbig2,.jb2,.PNG,.PDF,.JPG,.JPE
G,.JBIG2,.JB2,.eps]
(grfext)             \AppendGraphicsExtensions on input line 456.

(/usr/local/texlive/2016/texmf-dist/tex/latex/latexconfig/epstopdf-sys.cfg
File: epstopdf-sys.cfg 2010/07/13 v1.3 Configuration of (r)epstopdf for TeX Liv
e
))
LaTeX Font Info:    Try loading font information for U+msa on input line 29.

(/usr/local/texlive/2016/texmf-dist/tex/latex/amsfonts/umsa.fd
File: umsa.fd 2013/01/14 v3.01 AMS symbols A
)
LaTeX Font Info:    Try loading font information for U+msb on input line 29.

(/usr/local/texlive/2016/texmf-dist/tex/latex/amsfonts/umsb.fd
File: umsb.fd 2013/01/14 v3.01 AMS symbols B
)
Overfull \hbox (22.0471pt too wide) in paragraph at lines 35--38
[]$\OML/cmm/m/it/12 q[]\OT1/cmr/m/n/12 000000\OML/cmm/m/it/12 ; \OMS/cmsy/m/n/1
2 t\OML/cmm/m/it/12 q[]\OT1/cmr/m/n/12 00000\OML/cmm/m/it/12 ; \OMS/cmsy/m/n/12
 t$\OT1/cmr/m/n/12 x$\OML/cmm/m/it/12 q[]\OT1/cmr/m/n/12 0000\OML/cmm/m/it/12 ;
 \OMS/cmsy/m/n/12 t$\OT1/cmr/m/n/12 x$0\OML/cmm/m/it/12 q[]\OT1/cmr/m/n/12 000\
OML/cmm/m/it/12 ; \OMS/cmsy/m/n/12 t$\OT1/cmr/m/n/12 x0x$\OML/cmm/m/it/12 q[]\O
T1/cmr/m/n/12 00\OML/cmm/m/it/12 ; \OMS/cmsy/m/n/12 t$\OT1/cmr/m/n/12 x0x$0\OML
/cmm/m/it/12 q[]\OT1/cmr/m/n/12 0\OML/cmm/m/it/12 ; \OMS/cmsy/m/n/12 t$\OT1/cmr
/m/n/12 x0x0x$\OML/cmm/m/it/12 q[]\OMS/cmsy/m/n/12 t\OML/cmm/m/it/12 ; \OMS/cms
y/m/n/12 t$\OT1/cmr/m/n/12 x0x0x$\OML/cmm/m/it/12 q[]\OMS/cmsy/m/n/12 t\OML/cmm
/m/it/12 ;$ 
 []


Overfull \hbox (14.51146pt too wide) in paragraph at lines 35--38
\OMS/cmsy/m/n/12 t$\OT1/cmr/m/n/12 x0x0$\OML/cmm/m/it/12 q[]$\OT1/cmr/m/n/12 x$
\OMS/cmsy/m/n/12 t\OML/cmm/m/it/12 ; \OMS/cmsy/m/n/12 t$\OT1/cmr/m/n/12 x0x$\OM
L/cmm/m/it/12 q[]$\OT1/cmr/m/n/12 0x$\OMS/cmsy/m/n/12 t\OML/cmm/m/it/12 ; \OMS/
cmsy/m/n/12 t$\OT1/cmr/m/n/12 x0$\OML/cmm/m/it/12 q[]$\OT1/cmr/m/n/12 x0x$\OMS/
cmsy/m/n/12 t\OML/cmm/m/it/12 ; \OMS/cmsy/m/n/12 t$\OT1/cmr/m/n/12 x$\OML/cmm/m
/it/12 q[]$\OT1/cmr/m/n/12 0x0x$\OMS/cmsy/m/n/12 t\OML/cmm/m/it/12 ; \OMS/cmsy/
m/n/12 t\OML/cmm/m/it/12 q[]$\OT1/cmr/m/n/12 x0x0x$\OMS/cmsy/m/n/12 t\OML/cmm/m
/it/12 ; q[]\OMS/cmsy/m/n/12 t$\OT1/cmr/m/n/12 x0x0x$\OMS/cmsy/m/n/12 t\OML/cmm
/m/it/12 ; \OMS/cmsy/m/n/12 t\OML/cmm/m/it/12 q[]$\OT1/cmr/m/n/12 x0x0x$\OMS/cm
sy/m/n/12 t\OML/cmm/m/it/12 ;$ 
 []


Overfull \hbox (22.96892pt too wide) in paragraph at lines 40--50
[]$\OML/cmm/m/it/12 q[]\OT1/cmr/m/n/12 000000\OML/cmm/m/it/12 ; \OMS/cmsy/m/n/1
2 t\OML/cmm/m/it/12 q[]\OT1/cmr/m/n/12 0000000\OML/cmm/m/it/12 ; \OMS/cmsy/m/n/
12 t$\OT1/cmr/m/n/12 x$\OML/cmm/m/it/12 q[]\OT1/cmr/m/n/12 000000\OML/cmm/m/it/
12 ; \OMS/cmsy/m/n/12 t$\OT1/cmr/m/n/12 x$0\OML/cmm/m/it/12 q[]\OT1/cmr/m/n/12 
00000\OML/cmm/m/it/12 ; \OMS/cmsy/m/n/12 t$\OT1/cmr/m/n/12 x0x$\OML/cmm/m/it/12
 q[]\OT1/cmr/m/n/12 0000\OML/cmm/m/it/12 ; \OMS/cmsy/m/n/12 t$\OT1/cmr/m/n/12 x
0x0$\OML/cmm/m/it/12 q[]\OT1/cmr/m/n/12 000\OML/cmm/m/it/12 ; \OMS/cmsy/m/n/12 
t$\OT1/cmr/m/n/12 x0x0x$\OML/cmm/m/it/12 q[]\OT1/cmr/m/n/12 00\OML/cmm/m/it/12 
;$ 
 []


Overfull \hbox (17.0652pt too wide) in paragraph at lines 40--50
\OMS/cmsy/m/n/12 t$\OT1/cmr/m/n/12 x0x0x0$\OML/cmm/m/it/12 q[]\OT1/cmr/m/n/12 0
\OML/cmm/m/it/12 ; \OMS/cmsy/m/n/12 t$\OT1/cmr/m/n/12 x0x0x0x$\OML/cmm/m/it/12 
q[]\OMS/cmsy/m/n/12 t\OML/cmm/m/it/12 ; \OMS/cmsy/m/n/12 t$\OT1/cmr/m/n/12 x0x0
x0$\OML/cmm/m/it/12 q[]$\OT1/cmr/m/n/12 x$\OMS/cmsy/m/n/12 t\OML/cmm/m/it/12 ; 
\OMS/cmsy/m/n/12 t$\OT1/cmr/m/n/12 x0x0x$\OML/cmm/m/it/12 q[]$\OT1/cmr/m/n/12 0
x$\OMS/cmsy/m/n/12 t\OML/cmm/m/it/12 ; \OMS/cmsy/m/n/12 t$\OT1/cmr/m/n/12 x0x0$
\OML/cmm/m/it/12 q[]$\OT1/cmr/m/n/12 x0x$\OMS/cmsy/m/n/12 t\OML/cmm/m/it/12 ; \
OMS/cmsy/m/n/12 t$\OT1/cmr/m/n/12 x0x$\OML/cmm/m/it/12 q[]$\OT1/cmr/m/n/12 0x0x
$\OMS/cmsy/m/n/12 t\OML/cmm/m/it/12 ;$ 
 []


Overfull \hbox (25.3916pt too wide) in paragraph at lines 40--50
\OMS/cmsy/m/n/12 t$\OT1/cmr/m/n/12 x0$\OML/cmm/m/it/12 q[]$\OT1/cmr/m/n/12 x0x0
x$\OMS/cmsy/m/n/12 t\OML/cmm/m/it/12 ; \OMS/cmsy/m/n/12 t$\OT1/cmr/m/n/12 x$\OM
L/cmm/m/it/12 q[]$\OT1/cmr/m/n/12 0x0x0x$\OMS/cmsy/m/n/12 t\OML/cmm/m/it/12 ; \
OMS/cmsy/m/n/12 t\OML/cmm/m/it/12 q[]$\OT1/cmr/m/n/12 x0x0x0x$\OMS/cmsy/m/n/12 
t\OML/cmm/m/it/12 ; q[]\OMS/cmsy/m/n/12 t$\OT1/cmr/m/n/12 x0x0x0x$\OMS/cmsy/m/n
/12 t\OML/cmm/m/it/12 ; \OMS/cmsy/m/n/12 t\OML/cmm/m/it/12 q[]$\OT1/cmr/m/n/12 
x0x0x0x$\OMS/cmsy/m/n/12 t\OML/cmm/m/it/12 ; \OMS/cmsy/m/n/12 t$\OT1/cmr/m/n/12
 x$\OML/cmm/m/it/12 q[]$\OT1/cmr/m/n/12 0x0x0x$\OMS/cmsy/m/n/12 t\OML/cmm/m/it/
12 ;$ 
 []


Overfull \hbox (28.00269pt too wide) in paragraph at lines 40--50
\OMS/cmsy/m/n/12 t$\OT1/cmr/m/n/12 xx$\OML/cmm/m/it/12 q[]$\OT1/cmr/m/n/12 x0x0
x$\OMS/cmsy/m/n/12 t\OML/cmm/m/it/12 ; \OMS/cmsy/m/n/12 t$\OT1/cmr/m/n/12 xxx$\
OML/cmm/m/it/12 q[]$\OT1/cmr/m/n/12 0x0x$\OMS/cmsy/m/n/12 t\OML/cmm/m/it/12 ; \
OMS/cmsy/m/n/12 t$\OT1/cmr/m/n/12 xxx0$\OML/cmm/m/it/12 q[]$\OT1/cmr/m/n/12 x0x
$\OMS/cmsy/m/n/12 t\OML/cmm/m/it/12 ; \OMS/cmsy/m/n/12 t$\OT1/cmr/m/n/12 xxx0x$
\OML/cmm/m/it/12 q[]$\OT1/cmr/m/n/12 0x$\OMS/cmsy/m/n/12 t\OML/cmm/m/it/12 ; \O
MS/cmsy/m/n/12 t$\OT1/cmr/m/n/12 xxx0xx$\OML/cmm/m/it/12 q[]$\OT1/cmr/m/n/12 x$
\OMS/cmsy/m/n/12 t\OML/cmm/m/it/12 ; \OMS/cmsy/m/n/12 t$\OT1/cmr/m/n/12 xxx0xxx
$\OML/cmm/m/it/12 q[]\OMS/cmsy/m/n/12 t\OML/cmm/m/it/12 ;$ 
 []


Overfull \hbox (29.30823pt too wide) in paragraph at lines 40--50
\OMS/cmsy/m/n/12 t$\OT1/cmr/m/n/12 x$\OML/cmm/m/it/12 q[]$\OT1/cmr/m/n/12 xx0xx
x$\OMS/cmsy/m/n/12 t\OML/cmm/m/it/12 ; \OMS/cmsy/m/n/12 t\OML/cmm/m/it/12 q[]$\
OT1/cmr/m/n/12 xxx0xxx$\OMS/cmsy/m/n/12 t\OML/cmm/m/it/12 ; q[]\OMS/cmsy/m/n/12
 t$\OT1/cmr/m/n/12 xxx0xxx$\OMS/cmsy/m/n/12 t\OML/cmm/m/it/12 ; \OMS/cmsy/m/n/1
2 t\OML/cmm/m/it/12 q[]$\OT1/cmr/m/n/12 xxx0xxx$\OMS/cmsy/m/n/12 t\OML/cmm/m/it
/12 ; \OMS/cmsy/m/n/12 t$\OT1/cmr/m/n/12 x$\OML/cmm/m/it/12 q[]$\OT1/cmr/m/n/12
 xx0xxx$\OMS/cmsy/m/n/12 t\OML/cmm/m/it/12 ; \OMS/cmsy/m/n/12 t$\OT1/cmr/m/n/12
 xx$\OML/cmm/m/it/12 q[]$\OT1/cmr/m/n/12 x0xxx$\OMS/cmsy/m/n/12 t\OML/cmm/m/it/
12 ;$ 
 []


Overfull \hbox (30.94016pt too wide) in paragraph at lines 40--50
\OMS/cmsy/m/n/12 t$\OT1/cmr/m/n/12 xxx$\OML/cmm/m/it/12 q[]$\OT1/cmr/m/n/12 0xx
x$\OMS/cmsy/m/n/12 t\OML/cmm/m/it/12 ; \OMS/cmsy/m/n/12 t$\OT1/cmr/m/n/12 xxxx$
\OML/cmm/m/it/12 q[]$\OT1/cmr/m/n/12 xxx$\OMS/cmsy/m/n/12 t\OML/cmm/m/it/12 ; \
OMS/cmsy/m/n/12 t$\OT1/cmr/m/n/12 xxxxx$\OML/cmm/m/it/12 q[]$\OT1/cmr/m/n/12 xx
$\OMS/cmsy/m/n/12 t\OML/cmm/m/it/12 ; \OMS/cmsy/m/n/12 t$\OT1/cmr/m/n/12 xxxxxx
$\OML/cmm/m/it/12 q[]$\OT1/cmr/m/n/12 x$\OMS/cmsy/m/n/12 t\OML/cmm/m/it/12 ; \O
MS/cmsy/m/n/12 t$\OT1/cmr/m/n/12 xxxxxxx$\OML/cmm/m/it/12 q[]\OMS/cmsy/m/n/12 t
\OML/cmm/m/it/12 ; \OMS/cmsy/m/n/12 t$\OT1/cmr/m/n/12 xxxxxx$\OML/cmm/m/it/12 q
[]$\OT1/cmr/m/n/12 x$\OMS/cmsy/m/n/12 t\OML/cmm/m/it/12 ;$ 
 []


Overfull \hbox (31.26654pt too wide) in paragraph at lines 40--50
\OMS/cmsy/m/n/12 t$\OT1/cmr/m/n/12 xxxxx$\OML/cmm/m/it/12 q[]$\OT1/cmr/m/n/12 x
x$\OMS/cmsy/m/n/12 t\OML/cmm/m/it/12 ; \OMS/cmsy/m/n/12 t$\OT1/cmr/m/n/12 xxxx$
\OML/cmm/m/it/12 q[]$\OT1/cmr/m/n/12 xxx$\OMS/cmsy/m/n/12 t\OML/cmm/m/it/12 ; \
OMS/cmsy/m/n/12 t$\OT1/cmr/m/n/12 xxx$\OML/cmm/m/it/12 q[]$\OT1/cmr/m/n/12 xxxx
$\OMS/cmsy/m/n/12 t\OML/cmm/m/it/12 ; \OMS/cmsy/m/n/12 t$\OT1/cmr/m/n/12 xx$\OM
L/cmm/m/it/12 q[]$\OT1/cmr/m/n/12 xxxxx$\OMS/cmsy/m/n/12 t\OML/cmm/m/it/12 ; \O
MS/cmsy/m/n/12 t$\OT1/cmr/m/n/12 x$\OML/cmm/m/it/12 q[]$\OT1/cmr/m/n/12 xxxxxx$
\OMS/cmsy/m/n/12 t\OML/cmm/m/it/12 ; \OMS/cmsy/m/n/12 t\OML/cmm/m/it/12 q[]$\OT
1/cmr/m/n/12 xxxxxxx$\OMS/cmsy/m/n/12 t\OML/cmm/m/it/12 ;$ 
 []


Overfull \hbox (31.26654pt too wide) in paragraph at lines 40--50
\OML/cmm/m/it/12 q[]\OMS/cmsy/m/n/12 t$\OT1/cmr/m/n/12 xxxxxxx$\OMS/cmsy/m/n/12
 t\OML/cmm/m/it/12 ; \OMS/cmsy/m/n/12 t\OML/cmm/m/it/12 q[]$\OT1/cmr/m/n/12 xxx
xxxx$\OMS/cmsy/m/n/12 t\OML/cmm/m/it/12 ; \OMS/cmsy/m/n/12 t$\OT1/cmr/m/n/12 x$
\OML/cmm/m/it/12 q[]$\OT1/cmr/m/n/12 xxxxxx$\OMS/cmsy/m/n/12 t\OML/cmm/m/it/12 
; \OMS/cmsy/m/n/12 t$\OT1/cmr/m/n/12 xx$\OML/cmm/m/it/12 q[]$\OT1/cmr/m/n/12 xx
xxx$\OMS/cmsy/m/n/12 t\OML/cmm/m/it/12 ; \OMS/cmsy/m/n/12 t$\OT1/cmr/m/n/12 xxx
$\OML/cmm/m/it/12 q[]$\OT1/cmr/m/n/12 xxxx$\OMS/cmsy/m/n/12 t\OML/cmm/m/it/12 ;
 \OMS/cmsy/m/n/12 t$\OT1/cmr/m/n/12 xxxx$\OML/cmm/m/it/12 q[]$\OT1/cmr/m/n/12 x
xx$\OMS/cmsy/m/n/12 t\OML/cmm/m/it/12 ;$ 
 []

[1

{/usr/local/texlive/2016/texmf-var/fonts/map/pdftex/updmap/pdftex.map}]
LaTeX Font Info:    Try loading font information for OMS+cmr on input line 79.

(/usr/local/texlive/2016/texmf-dist/tex/latex/base/omscmr.fd
File: omscmr.fd 2014/09/29 v2.5h Standard LaTeX font definitions
)
LaTeX Font Info:    Font shape `OMS/cmr/m/n' in size <12> not available
(Font)              Font shape `OMS/cmsy/m/n' tried instead on input line 79.
 [2]
Overfull \hbox (2.1758pt too wide) in paragraph at lines 123--124
 [] 
 []

[3] [4]
Overfull \hbox (2.19176pt too wide) in paragraph at lines 190--191
 [] 
 []

[5] [6] [7] [8] (./hw4.aux) ) 
Here is how much of TeX's memory you used:
 13835 strings out of 493014
 287864 string characters out of 6133351
 352007 words of memory out of 5000000
 17109 multiletter control sequences out of 15000+600000
 10291 words of font info for 41 fonts, out of 8000000 for 9000
 1141 hyphenation exceptions out of 8191
 48i,11n,66p,2416b,1123s stack positions out of 5000i,500n,10000p,200000b,80000s
</usr/local/texlive/2016/texmf-dist/fonts/type1/pu
blic/amsfonts/cm/cmbx12.pfb></usr/local/texlive/2016/texmf-dist/fonts/type1/pub
lic/amsfonts/cm/cmmi10.pfb></usr/local/texlive/2016/texmf-dist/fonts/type1/publ
ic/amsfonts/cm/cmmi12.pfb></usr/local/texlive/2016/texmf-dist/fonts/type1/publi
c/amsfonts/cm/cmmi8.pfb></usr/local/texlive/2016/texmf-dist/fonts/type1/public/
amsfonts/cm/cmr10.pfb></usr/local/texlive/2016/texmf-dist/fonts/type1/public/am
sfonts/cm/cmr12.pfb></usr/local/texlive/2016/texmf-dist/fonts/type1/public/amsf
onts/cm/cmr8.pfb></usr/local/texlive/2016/texmf-dist/fonts/type1/public/amsfont
s/cm/cmsy10.pfb>
Output written on hw4.pdf (8 pages, 103572 bytes).
PDF statistics:
 66 PDF objects out of 1000 (max. 8388607)
 47 compressed objects within 1 object stream
 0 named destinations out of 1000 (max. 500000)
 13 words of extra memory for PDF output out of 10000 (max. 10000000)

