['q1', '0', 'q1']
['q1', '1', 'q2']
['q2', '0', 'q2']
['q2', '1', 'q3']
['q3', '0', 'q3']
['q3', '1', 'q4']
['q4', '1', 'q4']
['q4', '0', 'q4']


---Input DFA's definition---

States: 
['q1', 'q2', 'q3', 'q4']

Alphabet: 
['0', '1']

Start State: 
q1

Final State: 
['q4']

Transitions: 
['q1', '0', 'q1']
['q1', '1', 'q2']
['q2', '0', 'q2']
['q2', '1', 'q3']
['q3', '0', 'q3']
['q3', '1', 'q4']
['q4', '1', 'q4']
['q4', '0', 'q4']

---End DFA Definition---

Please enter input strings: 
Input: 00111
Current State: q1  Symbol: 0  --> New State: q1
Current State: q1  Symbol: 0  --> New State: q1
Current State: q1  Symbol: 1  --> New State: q2
Current State: q2  Symbol: 1  --> New State: q3
Current State: q3  Symbol: 1  --> New State: q4
00111 --> ACCEPTED

Please enter input strings (CTRL+C to quit): 
Input: 10101
Current State: q1  Symbol: 1  --> New State: q2
Current State: q2  Symbol: 0  --> New State: q2
Current State: q2  Symbol: 1  --> New State: q3
Current State: q3  Symbol: 0  --> New State: q3
Current State: q3  Symbol: 1  --> New State: q4
10101 --> ACCEPTED

Please enter input strings (CTRL+C to quit): 
Input: 11100
Current State: q1  Symbol: 1  --> New State: q2
Current State: q2  Symbol: 1  --> New State: q3
Current State: q3  Symbol: 1  --> New State: q4
Current State: q4  Symbol: 0  --> New State: q4
Current State: q4  Symbol: 0  --> New State: q4
11100 --> ACCEPTED

Please enter input strings (CTRL+C to quit): 
Input: 00000
Current State: q1  Symbol: 0  --> New State: q1
Current State: q1  Symbol: 0  --> New State: q1
Current State: q1  Symbol: 0  --> New State: q1
Current State: q1  Symbol: 0  --> New State: q1
Current State: q1  Symbol: 0  --> New State: q1
00000 --> NOT ACCEPTED

Please enter input strings (CTRL+C to quit): 
Input: 01010
Current State: q1  Symbol: 0  --> New State: q1
Current State: q1  Symbol: 1  --> New State: q2
Current State: q2  Symbol: 0  --> New State: q2
Current State: q2  Symbol: 1  --> New State: q3
Current State: q3  Symbol: 0  --> New State: q3
01010 --> NOT ACCEPTED

Please enter input strings (CTRL+C to quit): 
Input: 00011
Current State: q1  Symbol: 0  --> New State: q1
Current State: q1  Symbol: 0  --> New State: q1
Current State: q1  Symbol: 0  --> New State: q1
Current State: q1  Symbol: 1  --> New State: q2
Current State: q2  Symbol: 1  --> New State: q3
00011 --> NOT ACCEPTED

Please enter input strings (CTRL+C to quit): 
